<?xml version="1.0" encoding="UTF-8"?>
<!-- Generated by org.testng.reporters.JUnitReportReporter -->
<testsuite hostname="EF-xueyuan" name="com.mz.SimpleTest" tests="1" failures="1" timestamp="18 Nov 2014 01:28:20 GMT" time="0.027" errors="0">
  <testcase name="testDemo" time="0.027" classname="com.mz.SimpleTest">
    <failure type="org.jtester.exception.JTesterException" message="No value found for property database.userName">
      <![CDATA[org.jtester.exception.JTesterException: No value found for property database.userName
	at org.jtester.module.core.helper.ConfigurationHelper.getString(ConfigurationHelper.java:99)
	at org.jtester.module.database.environment.DBEnvironmentFactory.getDBEnvironment(DBEnvironmentFactory.java:140)
	at org.jtester.module.database.environment.DBEnvironmentFactory.getDBEnvironment(DBEnvironmentFactory.java:93)
	at org.jtester.module.database.environment.DBEnvironmentFactory.getCurrentDBEnvironment(DBEnvironmentFactory.java:192)
	at org.jtester.core.context.TransactionManager.startTransaction(TransactionManager.java:47)
	at org.jtester.module.core.DatabaseModule$DatabaseTestListener.beforeMethodRunning(DatabaseModule.java:125)
	at org.jtester.module.core.CoreModule$CoreModuleListener.beforeMethodRunning(CoreModule.java:126)
	at org.jtester.core.ListenerExecutor.executeBeforeMethodRunningEvents(ListenerExecutor.java:73)
	at org.jtester.core.testng.JTesterHookable.run(JTesterHookable.java:52)
	at sun.reflect.NativeMethodAccessorImpl.invoke0(Native Method)
	at sun.reflect.NativeMethodAccessorImpl.invoke(Unknown Source)
	at sun.reflect.DelegatingMethodAccessorImpl.invoke(Unknown Source)
	at java.lang.reflect.Method.invoke(Unknown Source)
	at org.testng.internal.MethodInvocationHelper.invokeHookable(MethodInvocationHelper.java:212)
	at org.testng.internal.Invoker.invokeMethod(Invoker.java:707)
	at org.testng.internal.Invoker.invokeTestMethod(Invoker.java:901)
	at org.testng.internal.Invoker.invokeTestMethods(Invoker.java:1231)
	at org.testng.internal.TestMethodWorker.invokeTestMethods(TestMethodWorker.java:127)
	at org.testng.internal.TestMethodWorker.run(TestMethodWorker.java:111)
	at org.testng.TestRunner.privateRun(TestRunner.java:767)
	at org.testng.TestRunner.run(TestRunner.java:617)
	at org.testng.SuiteRunner.runTest(SuiteRunner.java:334)
	at org.testng.SuiteRunner.runSequentially(SuiteRunner.java:329)
	at org.testng.SuiteRunner.privateRun(SuiteRunner.java:291)
	at org.testng.SuiteRunner.run(SuiteRunner.java:240)
	at org.testng.SuiteRunnerWorker.runSuite(SuiteRunnerWorker.java:52)
	at org.testng.SuiteRunnerWorker.run(SuiteRunnerWorker.java:86)
	at org.testng.TestNG.runSuitesSequentially(TestNG.java:1224)
	at org.testng.TestNG.runSuitesLocally(TestNG.java:1149)
	at org.testng.TestNG.run(TestNG.java:1057)
	at org.testng.remote.RemoteTestNG.run(RemoteTestNG.java:111)
	at org.testng.remote.RemoteTestNG.initAndRun(RemoteTestNG.java:204)
	at org.testng.remote.RemoteTestNG.main(RemoteTestNG.java:175)
]]>
    </failure>
  </testcase> <!-- testDemo -->
</testsuite> <!-- com.mz.SimpleTest -->
